43.0044Uwpolling_NODE(1)::RX_TRIGGER
73.0071Uwpolling_NODE(1)::RX_TRIGGER
100Uwpolling_NODE(1)::RECV_FROM_U_LAYERS_ID_1
103.01Uwpolling_NODE(1)::RX_TRIGGER
105.01Uwpolling_NODE(1)::TX_PROBE_N_PKTS=1
108.01Uwpolling_NODE(1)::PKT_DROP_WRONG_DESTINATION
135.013Uwpolling_NODE(1)::PKT_DROP_WRONG_DESTINATION
139.013Uwpolling_NODE(1)::POLLED
139.013Uwpolling_NODE(1)::TX_DATA_1_OF_1_PACKET_INDEX_1
153.015Uwpolling_NODE(1)::RX_TRIGGER
163.016Uwpolling_NODE(1)::PKT_DROP_WRONG_DESTINATION
180Uwpolling_NODE(1)::RECV_FROM_U_LAYERS_ID_2
186.018Uwpolling_NODE(1)::PKT_DROP_WRONG_DESTINATION
190.018Uwpolling_NODE(1)::RX_TRIGGER
194.018Uwpolling_NODE(1)::TX_PROBE_N_PKTS=1
197.019Uwpolling_NODE(1)::PKT_DROP_WRONG_DESTINATION
223.021Uwpolling_NODE(1)::PKT_DROP_WRONG_DESTINATION
234.023Uwpolling_NODE(1)::RX_TRIGGER
236.023Uwpolling_NODE(1)::TX_PROBE_N_PKTS=1
239.023Uwpolling_NODE(1)::PKT_DROP_WRONG_DESTINATION
260Uwpolling_NODE(1)::RECV_FROM_U_LAYERS_ID_3
264.025Uwpolling_NODE(1)::POLLED
264.025Uwpolling_NODE(1)::TX_DATA_1_OF_1_PACKET_INDEX_2
271.026Uwpolling_NODE(1)::RX_TRIGGER
272.026Uwpolling_NODE(1)::TX_PROBE_N_PKTS=1
278.027Uwpolling_NODE(1)::PKT_DROP_WRONG_DESTINATION
280.027Uwpolling_NODE(1)::PKT_DROP_WRONG_DESTINATION
301.029Uwpolling_NODE(1)::POLLED
301.029Uwpolling_NODE(1)::TX_DATA_1_OF_1_PACKET_INDEX_3
313.03Uwpolling_NODE(1)::PKT_DROP_WRONG_DESTINATION
320.031Uwpolling_NODE(1)::PKT_DROP_WRONG_DESTINATION
331.032Uwpolling_NODE(1)::RX_TRIGGER
340Uwpolling_NODE(1)::RECV_FROM_U_LAYERS_ID_4
361.035Uwpolling_NODE(1)::RX_TRIGGER
362.035Uwpolling_NODE(1)::TX_PROBE_N_PKTS=1
370.036Uwpolling_NODE(1)::PKT_DROP_WRONG_DESTINATION
391.038Uwpolling_NODE(1)::POLLED
391.038Uwpolling_NODE(1)::TX_DATA_1_OF_1_PACKET_INDEX_4
408.039Uwpolling_NODE(1)::PKT_DROP_WRONG_DESTINATION
412.04Uwpolling_NODE(1)::RX_TRIGGER
416.04Uwpolling_NODE(1)::PKT_DROP_WRONG_DESTINATION
420.001Uwpolling_NODE(1)::RECV_FROM_U_LAYERS_ID_5
445.043Uwpolling_NODE(1)::PKT_DROP_WRONG_DESTINATION
449.043Uwpolling_NODE(1)::RX_TRIGGER
454.043Uwpolling_NODE(1)::TX_PROBE_N_PKTS=1
458.044Uwpolling_NODE(1)::PKT_DROP_WRONG_DESTINATION
479.046Uwpolling_NODE(1)::POLLED
479.046Uwpolling_NODE(1)::TX_DATA_1_OF_1_PACKET_INDEX_5
489.047Uwpolling_NODE(1)::PKT_DROP_WRONG_DESTINATION
500.001Uwpolling_NODE(1)::RECV_FROM_U_LAYERS_ID_6
500.048Uwpolling_NODE(1)::RX_TRIGGER
505.049Uwpolling_NODE(1)::PKT_DROP_WRONG_DESTINATION
506.048Uwpolling_NODE(1)::TX_PROBE_N_PKTS=1
510.049Uwpolling_NODE(1)::PKT_DROP_WRONG_DESTINATION
533.051Uwpolling_NODE(1)::PKT_DROP_WRONG_DESTINATION
535.052Uwpolling_NODE(1)::PKT_DROP_WRONG_DESTINATION
577.056Uwpolling_NODE(1)::POLLED
577.056Uwpolling_NODE(1)::TX_DATA_1_OF_1_PACKET_INDEX_6
580.001Uwpolling_NODE(1)::RECV_FROM_U_LAYERS_ID_7
587.057Uwpolling_NODE(1)::PKT_DROP_WRONG_DESTINATION
591.057Uwpolling_NODE(1)::RX_TRIGGER
597.057Uwpolling_NODE(1)::TX_PROBE_N_PKTS=1
601.058Uwpolling_NODE(1)::PKT_DROP_WRONG_DESTINATION
644.063Uwpolling_NODE(1)::PKT_DROP_WRONG_DESTINATION
647.063Uwpolling_NODE(1)::RX_TRIGGER
648.063Uwpolling_NODE(1)::TX_PROBE_N_PKTS=1
653.064Uwpolling_NODE(1)::PKT_DROP_WRONG_DESTINATION
660.001Uwpolling_NODE(1)::RECV_FROM_U_LAYERS_ID_8
677.066Uwpolling_NODE(1)::POLLED
677.066Uwpolling_NODE(1)::TX_DATA_1_OF_1_PACKET_INDEX_7
711.07Uwpolling_NODE(1)::RX_TRIGGER
717.07Uwpolling_NODE(1)::PKT_DROP_WRONG_DESTINATION
718.07Uwpolling_NODE(1)::TX_PROBE_N_PKTS=1
721.071Uwpolling_NODE(1)::PKT_DROP_WRONG_DESTINATION
740.001Uwpolling_NODE(1)::RECV_FROM_U_LAYERS_ID_9
751.074Uwpolling_NODE(1)::PKT_DROP_WRONG_DESTINATION
757.074Uwpolling_NODE(1)::PKT_DROP_WRONG_DESTINATION
794.078Uwpolling_NODE(1)::POLLED
794.078Uwpolling_NODE(1)::TX_DATA_1_OF_1_PACKET_INDEX_8
802.079Uwpolling_NODE(1)::RX_TRIGGER
807.08Uwpolling_NODE(1)::PKT_DROP_WRONG_DESTINATION
808.079Uwpolling_NODE(1)::TX_PROBE_N_PKTS=1
811.08Uwpolling_NODE(1)::PKT_DROP_WRONG_DESTINATION
820.001Uwpolling_NODE(1)::RECV_FROM_U_LAYERS_ID_10
861.085Uwpolling_NODE(1)::PKT_DROP_WRONG_DESTINATION
865.086Uwpolling_NODE(1)::POLLED
865.086Uwpolling_NODE(1)::TX_DATA_1_OF_1_PACKET_INDEX_9
873.087Uwpolling_NODE(1)::RX_TRIGGER
874.087Uwpolling_NODE(1)::TX_PROBE_N_PKTS=1
877.087Uwpolling_NODE(1)::PKT_DROP_WRONG_DESTINATION
900.001Uwpolling_NODE(1)::RECV_FROM_U_LAYERS_ID_11
905.09Uwpolling_NODE(1)::PKT_DROP_WRONG_DESTINATION
909.09Uwpolling_NODE(1)::POLLED
909.09Uwpolling_NODE(1)::TX_DATA_1_OF_1_PACKET_INDEX_10
924.092Uwpolling_NODE(1)::RX_TRIGGER
928.092Uwpolling_NODE(1)::TX_PROBE_N_PKTS=1
931.093Uwpolling_NODE(1)::PKT_DROP_WRONG_DESTINATION
956.095Uwpolling_NODE(1)::PKT_DROP_WRONG_DESTINATION
958.095Uwpolling_NODE(1)::PKT_DROP_WRONG_DESTINATION
960.095Uwpolling_NODE(1)::PKT_DROP_WRONG_DESTINATION
980.001Uwpolling_NODE(1)::RECV_FROM_U_LAYERS_ID_12
991.099Uwpolling_NODE(1)::POLLED
991.099Uwpolling_NODE(1)::TX_DATA_1_OF_1_PACKET_INDEX_11
998.099Uwpolling_NODE(1)::RX_TRIGGER
1000.1Uwpolling_NODE(1)::TX_PROBE_N_PKTS=1
1003.1Uwpolling_NODE(1)::PKT_DROP_WRONG_DESTINATION
1008.1Uwpolling_NODE(1)::PKT_DROP_WRONG_DESTINATION
1030.1Uwpolling_NODE(1)::PKT_DROP_WRONG_DESTINATION
1034.1Uwpolling_NODE(1)::POLLED
1034.1Uwpolling_NODE(1)::TX_DATA_1_OF_1_PACKET_INDEX_12
1060Uwpolling_NODE(1)::RECV_FROM_U_LAYERS_ID_13
1101.11Uwpolling_NODE(1)::RX_TRIGGER
1106.11Uwpolling_NODE(1)::TX_PROBE_N_PKTS=1
1109.11Uwpolling_NODE(1)::PKT_DROP_WRONG_DESTINATION
1111.11Uwpolling_NODE(1)::PKT_DROP_WRONG_DESTINATION
1137.11Uwpolling_NODE(1)::RX_TRIGGER
1140Uwpolling_NODE(1)::RECV_FROM_U_LAYERS_ID_14
1140.11Uwpolling_NODE(1)::TX_PROBE_N_PKTS=2
1145.11Uwpolling_NODE(1)::PKT_DROP_WRONG_DESTINATION
1167.12Uwpolling_NODE(1)::POLLED
1167.12Uwpolling_NODE(1)::TX_DATA_1_OF_2_PACKET_INDEX_13
1169.12Uwpolling_NODE(1)::TX_DATA_2_OF_2_PACKET_INDEX_14
1179.12Uwpolling_NODE(1)::PKT_DROP_WRONG_DESTINATION
1181.12Uwpolling_NODE(1)::PKT_DROP_WRONG_DESTINATION
1183.12Uwpolling_NODE(1)::PKT_DROP_WRONG_DESTINATION
1200.12Uwpolling_NODE(1)::RX_TRIGGER
1209.12Uwpolling_NODE(1)::PKT_DROP_WRONG_DESTINATION
1220Uwpolling_NODE(1)::RECV_FROM_U_LAYERS_ID_15
1233.12Uwpolling_NODE(1)::PKT_DROP_WRONG_DESTINATION
1237.12Uwpolling_NODE(1)::RX_TRIGGER
1238.12Uwpolling_NODE(1)::TX_PROBE_N_PKTS=1
1241.12Uwpolling_NODE(1)::PKT_DROP_WRONG_DESTINATION
1247.12Uwpolling_NODE(1)::PKT_DROP_WRONG_DESTINATION
1270.13Uwpolling_NODE(1)::PKT_DROP_WRONG_DESTINATION
1277.13Uwpolling_NODE(1)::PKT_DROP_WRONG_DESTINATION
1281.13Uwpolling_NODE(1)::RX_TRIGGER
1285.13Uwpolling_NODE(1)::TX_PROBE_N_PKTS=1
1300Uwpolling_NODE(1)::RECV_FROM_U_LAYERS_ID_16
1318.13Uwpolling_NODE(1)::POLLED
1318.13Uwpolling_NODE(1)::TX_DATA_1_OF_1_PACKET_INDEX_15
1325.13Uwpolling_NODE(1)::RX_TRIGGER
1326.13Uwpolling_NODE(1)::TX_PROBE_N_PKTS=1
1332.13Uwpolling_NODE(1)::PKT_DROP_WRONG_DESTINATION
1355.13Uwpolling_NODE(1)::POLLED
1355.13Uwpolling_NODE(1)::TX_DATA_1_OF_1_PACKET_INDEX_16
1365.14Uwpolling_NODE(1)::PKT_DROP_WRONG_DESTINATION
1369.14Uwpolling_NODE(1)::RX_TRIGGER
1373.14Uwpolling_NODE(1)::PKT_DROP_WRONG_DESTINATION
1380Uwpolling_NODE(1)::RECV_FROM_U_LAYERS_ID_17
1402.14Uwpolling_NODE(1)::PKT_DROP_WRONG_DESTINATION
1426.14Uwpolling_NODE(1)::RX_TRIGGER
1432.14Uwpolling_NODE(1)::PKT_DROP_WRONG_DESTINATION
1433.14Uwpolling_NODE(1)::TX_PROBE_N_PKTS=1
1436.14Uwpolling_NODE(1)::PKT_DROP_WRONG_DESTINATION
1459.14Uwpolling_NODE(1)::PKT_DROP_WRONG_DESTINATION
1460Uwpolling_NODE(1)::RECV_FROM_U_LAYERS_ID_18
1466.14Uwpolling_NODE(1)::PKT_DROP_WRONG_DESTINATION
1470.14Uwpolling_NODE(1)::POLLED
1470.14Uwpolling_NODE(1)::TX_DATA_1_OF_1_PACKET_INDEX_17
1477.15Uwpolling_NODE(1)::RX_TRIGGER
1481.15Uwpolling_NODE(1)::PKT_DROP_WRONG_DESTINATION
1482.15Uwpolling_NODE(1)::TX_PROBE_N_PKTS=1
1486.15Uwpolling_NODE(1)::PKT_DROP_WRONG_DESTINATION
1510.15Uwpolling_NODE(1)::PKT_DROP_WRONG_DESTINATION
1514.15Uwpolling_NODE(1)::POLLED
1514.15Uwpolling_NODE(1)::TX_DATA_1_OF_1_PACKET_INDEX_18
