43.0038Uwpolling_NODE(4)::RX_TRIGGER
73.0067Uwpolling_NODE(4)::RX_TRIGGER
100Uwpolling_NODE(4)::RECV_FROM_U_LAYERS_ID_1
103.009Uwpolling_NODE(4)::RX_TRIGGER
108.009Uwpolling_NODE(4)::TX_PROBE_N_PKTS=1
146.013Uwpolling_NODE(4)::POLLED
146.013Uwpolling_NODE(4)::TX_DATA_1_OF_1_PACKET_INDEX_1
153.014Uwpolling_NODE(4)::RX_TRIGGER
180Uwpolling_NODE(4)::RECV_FROM_U_LAYERS_ID_2
190.018Uwpolling_NODE(4)::RX_TRIGGER
194.018Uwpolling_NODE(4)::TX_PROBE_N_PKTS=1
197.019Uwpolling_NODE(4)::PKT_DROP_WRONG_DESTINATION
227.022Uwpolling_NODE(4)::POLLED
227.022Uwpolling_NODE(4)::TX_DATA_1_OF_1_PACKET_INDEX_2
234.023Uwpolling_NODE(4)::RX_TRIGGER
260Uwpolling_NODE(4)::RECV_FROM_U_LAYERS_ID_3
271.026Uwpolling_NODE(4)::RX_TRIGGER
278.026Uwpolling_NODE(4)::TX_PROBE_N_PKTS=1
324.031Uwpolling_NODE(4)::POLLED
324.031Uwpolling_NODE(4)::TX_DATA_1_OF_1_PACKET_INDEX_3
331.031Uwpolling_NODE(4)::RX_TRIGGER
340Uwpolling_NODE(4)::RECV_FROM_U_LAYERS_ID_4
361.034Uwpolling_NODE(4)::RX_TRIGGER
365.034Uwpolling_NODE(4)::TX_PROBE_N_PKTS=1
398.037Uwpolling_NODE(4)::POLLED
398.037Uwpolling_NODE(4)::TX_DATA_1_OF_1_PACKET_INDEX_4
412.039Uwpolling_NODE(4)::RX_TRIGGER
420.001Uwpolling_NODE(4)::RECV_FROM_U_LAYERS_ID_5
449.043Uwpolling_NODE(4)::RX_TRIGGER
456.043Uwpolling_NODE(4)::TX_PROBE_N_PKTS=1
489.047Uwpolling_NODE(4)::PKT_DROP_WRONG_DESTINATION
493.047Uwpolling_NODE(4)::POLLED
493.047Uwpolling_NODE(4)::TX_DATA_1_OF_1_PACKET_INDEX_5
500.001Uwpolling_NODE(4)::RECV_FROM_U_LAYERS_ID_6
500.048Uwpolling_NODE(4)::RX_TRIGGER
505.048Uwpolling_NODE(4)::TX_PROBE_N_PKTS=1
570.056Uwpolling_NODE(4)::POLLED
570.056Uwpolling_NODE(4)::TX_DATA_1_OF_1_PACKET_INDEX_6
580.001Uwpolling_NODE(4)::RECV_FROM_U_LAYERS_ID_7
591.057Uwpolling_NODE(4)::RX_TRIGGER
597.058Uwpolling_NODE(4)::TX_PROBE_N_PKTS=1
601.058Uwpolling_NODE(4)::PKT_DROP_WRONG_DESTINATION
647.062Uwpolling_NODE(4)::RX_TRIGGER
651.062Uwpolling_NODE(4)::TX_PROBE_N_PKTS=1
654.063Uwpolling_NODE(4)::PKT_DROP_WRONG_DESTINATION
660.001Uwpolling_NODE(4)::RECV_FROM_U_LAYERS_ID_8
704.067Uwpolling_NODE(4)::POLLED
704.067Uwpolling_NODE(4)::TX_DATA_1_OF_1_PACKET_INDEX_7
711.068Uwpolling_NODE(4)::RX_TRIGGER
713.068Uwpolling_NODE(4)::TX_PROBE_N_PKTS=1
717.069Uwpolling_NODE(4)::PKT_DROP_WRONG_DESTINATION
740.001Uwpolling_NODE(4)::RECV_FROM_U_LAYERS_ID_9
741.071Uwpolling_NODE(4)::POLLED
741.071Uwpolling_NODE(4)::TX_DATA_1_OF_1_PACKET_INDEX_8
751.072Uwpolling_NODE(4)::PKT_DROP_WRONG_DESTINATION
801.077Uwpolling_NODE(4)::RX_TRIGGER
805.077Uwpolling_NODE(4)::TX_PROBE_N_PKTS=1
808.078Uwpolling_NODE(4)::PKT_DROP_WRONG_DESTINATION
810.078Uwpolling_NODE(4)::PKT_DROP_WRONG_DESTINATION
820.001Uwpolling_NODE(4)::RECV_FROM_U_LAYERS_ID_10
851.081Uwpolling_NODE(4)::POLLED
851.081Uwpolling_NODE(4)::TX_DATA_1_OF_1_PACKET_INDEX_9
861.082Uwpolling_NODE(4)::PKT_DROP_WRONG_DESTINATION
873.083Uwpolling_NODE(4)::RX_TRIGGER
878.083Uwpolling_NODE(4)::TX_PROBE_N_PKTS=1
900.001Uwpolling_NODE(4)::RECV_FROM_U_LAYERS_ID_11
917.087Uwpolling_NODE(4)::POLLED
917.087Uwpolling_NODE(4)::TX_DATA_1_OF_1_PACKET_INDEX_10
924.088Uwpolling_NODE(4)::RX_TRIGGER
926.088Uwpolling_NODE(4)::TX_PROBE_N_PKTS=1
929.088Uwpolling_NODE(4)::PKT_DROP_WRONG_DESTINATION
931.089Uwpolling_NODE(4)::PKT_DROP_WRONG_DESTINATION
956.091Uwpolling_NODE(4)::PKT_DROP_WRONG_DESTINATION
958.091Uwpolling_NODE(4)::PKT_DROP_WRONG_DESTINATION
960.091Uwpolling_NODE(4)::PKT_DROP_WRONG_DESTINATION
980.001Uwpolling_NODE(4)::RECV_FROM_U_LAYERS_ID_12
987.094Uwpolling_NODE(4)::PKT_DROP_WRONG_DESTINATION
998.095Uwpolling_NODE(4)::RX_TRIGGER
1002.1Uwpolling_NODE(4)::PKT_DROP_WRONG_DESTINATION
1003.1Uwpolling_NODE(4)::TX_PROBE_N_PKTS=2
1008.1Uwpolling_NODE(4)::PKT_DROP_WRONG_DESTINATION
1030.1Uwpolling_NODE(4)::PKT_DROP_WRONG_DESTINATION
1060Uwpolling_NODE(4)::RECV_FROM_U_LAYERS_ID_13
1101.11Uwpolling_NODE(4)::RX_TRIGGER
1106.11Uwpolling_NODE(4)::TX_PROBE_N_PKTS=3
1109.11Uwpolling_NODE(4)::PKT_DROP_WRONG_DESTINATION
1111.11Uwpolling_NODE(4)::PKT_DROP_WRONG_DESTINATION
1133.11Uwpolling_NODE(4)::PKT_DROP_WRONG_DESTINATION
1137.11Uwpolling_NODE(4)::RX_TRIGGER
1140Uwpolling_NODE(4)::RECV_FROM_U_LAYERS_ID_14
1143.11Uwpolling_NODE(4)::TX_PROBE_N_PKTS=4
1146.11Uwpolling_NODE(4)::PKT_DROP_WRONG_DESTINATION
1179.11Uwpolling_NODE(4)::PKT_DROP_WRONG_DESTINATION
1181.11Uwpolling_NODE(4)::PKT_DROP_WRONG_DESTINATION
1183.11Uwpolling_NODE(4)::PKT_DROP_WRONG_DESTINATION
1187.11Uwpolling_NODE(4)::POLLED
1187.11Uwpolling_NODE(4)::TX_DATA_1_OF_4_PACKET_INDEX_11
1189.11Uwpolling_NODE(4)::TX_DATA_2_OF_4_PACKET_INDEX_12
1191.11Uwpolling_NODE(4)::TX_DATA_3_OF_4_PACKET_INDEX_13
1193.11Uwpolling_NODE(4)::TX_DATA_4_OF_4_PACKET_INDEX_14
1200.12Uwpolling_NODE(4)::RX_TRIGGER
1209.12Uwpolling_NODE(4)::PKT_DROP_WRONG_DESTINATION
1220Uwpolling_NODE(4)::RECV_FROM_U_LAYERS_ID_15
1233.12Uwpolling_NODE(4)::PKT_DROP_WRONG_DESTINATION
1237.12Uwpolling_NODE(4)::RX_TRIGGER
1241.12Uwpolling_NODE(4)::PKT_DROP_WRONG_DESTINATION
1244.12Uwpolling_NODE(4)::TX_PROBE_N_PKTS=1
1270.12Uwpolling_NODE(4)::PKT_DROP_WRONG_DESTINATION
1277.12Uwpolling_NODE(4)::PKT_DROP_WRONG_DESTINATION
1281.12Uwpolling_NODE(4)::RX_TRIGGER
1282.12Uwpolling_NODE(4)::TX_PROBE_N_PKTS=1
1300Uwpolling_NODE(4)::RECV_FROM_U_LAYERS_ID_16
1311.13Uwpolling_NODE(4)::POLLED
1311.13Uwpolling_NODE(4)::TX_DATA_1_OF_1_PACKET_INDEX_15
1332.13Uwpolling_NODE(4)::PKT_DROP_WRONG_DESTINATION
1365.13Uwpolling_NODE(4)::PKT_DROP_WRONG_DESTINATION
1369.13Uwpolling_NODE(4)::RX_TRIGGER
1371.13Uwpolling_NODE(4)::TX_PROBE_N_PKTS=1
1374.13Uwpolling_NODE(4)::PKT_DROP_WRONG_DESTINATION
1380Uwpolling_NODE(4)::RECV_FROM_U_LAYERS_ID_17
1402.14Uwpolling_NODE(4)::PKT_DROP_WRONG_DESTINATION
1426.14Uwpolling_NODE(4)::RX_TRIGGER
1432.14Uwpolling_NODE(4)::TX_PROBE_N_PKTS=2
1459.14Uwpolling_NODE(4)::PKT_DROP_WRONG_DESTINATION
1460Uwpolling_NODE(4)::RECV_FROM_U_LAYERS_ID_18
1466.14Uwpolling_NODE(4)::PKT_DROP_WRONG_DESTINATION
1477.14Uwpolling_NODE(4)::RX_TRIGGER
1478.14Uwpolling_NODE(4)::TX_PROBE_N_PKTS=3
1481.14Uwpolling_NODE(4)::PKT_DROP_WRONG_DESTINATION
1486.15Uwpolling_NODE(4)::PKT_DROP_WRONG_DESTINATION
1510.15Uwpolling_NODE(4)::PKT_DROP_WRONG_DESTINATION
