73.0072Uwpolling_NODE(3)::RX_TRIGGER
100Uwpolling_NODE(3)::RECV_FROM_U_LAYERS_ID_1
103.01Uwpolling_NODE(3)::RX_TRIGGER
104.01Uwpolling_NODE(3)::TX_PROBE_N_PKTS=1
142.014Uwpolling_NODE(3)::PKT_DROP_WRONG_DESTINATION
153.015Uwpolling_NODE(3)::RX_TRIGGER
160.015Uwpolling_NODE(3)::TX_PROBE_N_PKTS=1
180Uwpolling_NODE(3)::RECV_FROM_U_LAYERS_ID_2
183.017Uwpolling_NODE(3)::POLLED
183.017Uwpolling_NODE(3)::TX_DATA_1_OF_1_PACKET_INDEX_1
234.021Uwpolling_NODE(3)::RX_TRIGGER
235.021Uwpolling_NODE(3)::TX_PROBE_N_PKTS=1
260Uwpolling_NODE(3)::RECV_FROM_U_LAYERS_ID_3
271.025Uwpolling_NODE(3)::RX_TRIGGER
275.025Uwpolling_NODE(3)::TX_PROBE_N_PKTS=2
308.029Uwpolling_NODE(3)::POLLED
308.029Uwpolling_NODE(3)::TX_DATA_1_OF_2_PACKET_INDEX_2
310.029Uwpolling_NODE(3)::TX_DATA_2_OF_2_PACKET_INDEX_3
331.031Uwpolling_NODE(3)::RX_TRIGGER
340Uwpolling_NODE(3)::RECV_FROM_U_LAYERS_ID_4
401.038Uwpolling_NODE(3)::PKT_DROP_WRONG_DESTINATION
412.039Uwpolling_NODE(3)::RX_TRIGGER
413.039Uwpolling_NODE(3)::TX_PROBE_N_PKTS=1
420.001Uwpolling_NODE(3)::RECV_FROM_U_LAYERS_ID_5
442.043Uwpolling_NODE(3)::POLLED
442.043Uwpolling_NODE(3)::TX_DATA_1_OF_1_PACKET_INDEX_4
500.001Uwpolling_NODE(3)::RECV_FROM_U_LAYERS_ID_6
500.048Uwpolling_NODE(3)::RX_TRIGGER
502.049Uwpolling_NODE(3)::TX_PROBE_N_PKTS=2
530.052Uwpolling_NODE(3)::POLLED
530.052Uwpolling_NODE(3)::TX_DATA_1_OF_2_PACKET_INDEX_5
532.052Uwpolling_NODE(3)::TX_DATA_2_OF_2_PACKET_INDEX_6
573.056Uwpolling_NODE(3)::PKT_DROP_WRONG_DESTINATION
580.001Uwpolling_NODE(3)::RECV_FROM_U_LAYERS_ID_7
647.063Uwpolling_NODE(3)::RX_TRIGGER
650.063Uwpolling_NODE(3)::TX_PROBE_N_PKTS=1
653.064Uwpolling_NODE(3)::PKT_DROP_WRONG_DESTINATION
660.001Uwpolling_NODE(3)::RECV_FROM_U_LAYERS_ID_8
707.068Uwpolling_NODE(3)::PKT_DROP_WRONG_DESTINATION
711.069Uwpolling_NODE(3)::RX_TRIGGER
717.069Uwpolling_NODE(3)::TX_PROBE_N_PKTS=2
740.001Uwpolling_NODE(3)::RECV_FROM_U_LAYERS_ID_9
754.073Uwpolling_NODE(3)::POLLED
754.073Uwpolling_NODE(3)::TX_DATA_1_OF_2_PACKET_INDEX_7
756.073Uwpolling_NODE(3)::TX_DATA_2_OF_2_PACKET_INDEX_8
801.077Uwpolling_NODE(3)::RX_TRIGGER
804.078Uwpolling_NODE(3)::TX_PROBE_N_PKTS=1
820.001Uwpolling_NODE(3)::RECV_FROM_U_LAYERS_ID_10
872.085Uwpolling_NODE(3)::RX_TRIGGER
873.085Uwpolling_NODE(3)::TX_PROBE_N_PKTS=2
881.086Uwpolling_NODE(3)::PKT_DROP_WRONG_DESTINATION
900.001Uwpolling_NODE(3)::RECV_FROM_U_LAYERS_ID_11
920.09Uwpolling_NODE(3)::PKT_DROP_WRONG_DESTINATION
923.09Uwpolling_NODE(3)::RX_TRIGGER
925.09Uwpolling_NODE(3)::TX_PROBE_N_PKTS=3
931.091Uwpolling_NODE(3)::PKT_DROP_WRONG_DESTINATION
953.093Uwpolling_NODE(3)::POLLED
953.093Uwpolling_NODE(3)::TX_DATA_1_OF_3_PACKET_INDEX_9
955.093Uwpolling_NODE(3)::TX_DATA_2_OF_3_PACKET_INDEX_10
957.094Uwpolling_NODE(3)::TX_DATA_3_OF_3_PACKET_INDEX_11
980.001Uwpolling_NODE(3)::RECV_FROM_U_LAYERS_ID_12
998.098Uwpolling_NODE(3)::RX_TRIGGER
1005.1Uwpolling_NODE(3)::TX_PROBE_N_PKTS=1
1037.1Uwpolling_NODE(3)::PKT_DROP_WRONG_DESTINATION
1060Uwpolling_NODE(3)::RECV_FROM_U_LAYERS_ID_13
1101.11Uwpolling_NODE(3)::RX_TRIGGER
1104.11Uwpolling_NODE(3)::TX_PROBE_N_PKTS=2
1137.11Uwpolling_NODE(3)::RX_TRIGGER
1140Uwpolling_NODE(3)::RECV_FROM_U_LAYERS_ID_14
1142.11Uwpolling_NODE(3)::TX_PROBE_N_PKTS=3
1145.11Uwpolling_NODE(3)::PKT_DROP_WRONG_DESTINATION
1176.12Uwpolling_NODE(3)::POLLED
1176.12Uwpolling_NODE(3)::TX_DATA_1_OF_3_PACKET_INDEX_12
1178.12Uwpolling_NODE(3)::TX_DATA_2_OF_3_PACKET_INDEX_13
1180.12Uwpolling_NODE(3)::TX_DATA_3_OF_3_PACKET_INDEX_14
1192.12Uwpolling_NODE(3)::PKT_DROP_WRONG_DESTINATION
1194.12Uwpolling_NODE(3)::PKT_DROP_WRONG_DESTINATION
1196.12Uwpolling_NODE(3)::PKT_DROP_WRONG_DESTINATION
1200.12Uwpolling_NODE(3)::RX_TRIGGER
1220Uwpolling_NODE(3)::RECV_FROM_U_LAYERS_ID_15
1237.12Uwpolling_NODE(3)::RX_TRIGGER
1238.12Uwpolling_NODE(3)::TX_PROBE_N_PKTS=1
1247.12Uwpolling_NODE(3)::PKT_DROP_WRONG_DESTINATION
1267.12Uwpolling_NODE(3)::POLLED
1267.12Uwpolling_NODE(3)::TX_DATA_1_OF_1_PACKET_INDEX_15
1281.13Uwpolling_NODE(3)::RX_TRIGGER
1285.13Uwpolling_NODE(3)::PKT_DROP_WRONG_DESTINATION
1300Uwpolling_NODE(3)::RECV_FROM_U_LAYERS_ID_16
1314.13Uwpolling_NODE(3)::PKT_DROP_WRONG_DESTINATION
1325.13Uwpolling_NODE(3)::RX_TRIGGER
1329.13Uwpolling_NODE(3)::TX_PROBE_N_PKTS=1
1362.13Uwpolling_NODE(3)::POLLED
1362.13Uwpolling_NODE(3)::TX_DATA_1_OF_1_PACKET_INDEX_16
1369.13Uwpolling_NODE(3)::RX_TRIGGER
1374.13Uwpolling_NODE(3)::PKT_DROP_WRONG_DESTINATION
1380Uwpolling_NODE(3)::RECV_FROM_U_LAYERS_ID_17
1426.14Uwpolling_NODE(3)::RX_TRIGGER
1432.14Uwpolling_NODE(3)::TX_PROBE_N_PKTS=1
1460Uwpolling_NODE(3)::RECV_FROM_U_LAYERS_ID_18
1463.14Uwpolling_NODE(3)::POLLED
1463.14Uwpolling_NODE(3)::TX_DATA_1_OF_1_PACKET_INDEX_17
1477.14Uwpolling_NODE(3)::RX_TRIGGER
1478.14Uwpolling_NODE(3)::TX_PROBE_N_PKTS=1
1507.15Uwpolling_NODE(3)::POLLED
1507.15Uwpolling_NODE(3)::TX_DATA_1_OF_1_PACKET_INDEX_18
