42.004Uwpolling_NODE(2)::RX_TRIGGER
72.0069Uwpolling_NODE(2)::RX_TRIGGER
100Uwpolling_NODE(2)::RECV_FROM_U_LAYERS_ID_1
102.01Uwpolling_NODE(2)::RX_TRIGGER
104.01Uwpolling_NODE(2)::TX_PROBE_N_PKTS=1
111.011Uwpolling_NODE(2)::PKT_DROP_WRONG_DESTINATION
132.013Uwpolling_NODE(2)::POLLED
132.013Uwpolling_NODE(2)::TX_DATA_1_OF_1_PACKET_INDEX_1
149.015Uwpolling_NODE(2)::PKT_DROP_WRONG_DESTINATION
153.015Uwpolling_NODE(2)::RX_TRIGGER
180Uwpolling_NODE(2)::RECV_FROM_U_LAYERS_ID_2
190.018Uwpolling_NODE(2)::RX_TRIGGER
193.018Uwpolling_NODE(2)::TX_PROBE_N_PKTS=1
197.019Uwpolling_NODE(2)::PKT_DROP_WRONG_DESTINATION
220.021Uwpolling_NODE(2)::POLLED
220.021Uwpolling_NODE(2)::TX_DATA_1_OF_1_PACKET_INDEX_2
230.022Uwpolling_NODE(2)::PKT_DROP_WRONG_DESTINATION
234.023Uwpolling_NODE(2)::RX_TRIGGER
260Uwpolling_NODE(2)::RECV_FROM_U_LAYERS_ID_3
267.026Uwpolling_NODE(2)::PKT_DROP_WRONG_DESTINATION
271.026Uwpolling_NODE(2)::RX_TRIGGER
275.026Uwpolling_NODE(2)::PKT_DROP_WRONG_DESTINATION
276.026Uwpolling_NODE(2)::TX_PROBE_N_PKTS=1
281.027Uwpolling_NODE(2)::PKT_DROP_WRONG_DESTINATION
317.03Uwpolling_NODE(2)::POLLED
317.03Uwpolling_NODE(2)::TX_DATA_1_OF_1_PACKET_INDEX_3
331.032Uwpolling_NODE(2)::RX_TRIGGER
340Uwpolling_NODE(2)::RECV_FROM_U_LAYERS_ID_4
361.035Uwpolling_NODE(2)::RX_TRIGGER
365.035Uwpolling_NODE(2)::PKT_DROP_WRONG_DESTINATION
367.035Uwpolling_NODE(2)::TX_PROBE_N_PKTS=1
394.038Uwpolling_NODE(2)::PKT_DROP_WRONG_DESTINATION
401.039Uwpolling_NODE(2)::PKT_DROP_WRONG_DESTINATION
405.039Uwpolling_NODE(2)::POLLED
405.039Uwpolling_NODE(2)::TX_DATA_1_OF_1_PACKET_INDEX_4
412.04Uwpolling_NODE(2)::RX_TRIGGER
420.001Uwpolling_NODE(2)::RECV_FROM_U_LAYERS_ID_5
449.043Uwpolling_NODE(2)::RX_TRIGGER
455.043Uwpolling_NODE(2)::TX_PROBE_N_PKTS=1
486.047Uwpolling_NODE(2)::POLLED
486.047Uwpolling_NODE(2)::TX_DATA_1_OF_1_PACKET_INDEX_5
496.048Uwpolling_NODE(2)::PKT_DROP_WRONG_DESTINATION
500.001Uwpolling_NODE(2)::RECV_FROM_U_LAYERS_ID_6
500.048Uwpolling_NODE(2)::RX_TRIGGER
507.048Uwpolling_NODE(2)::TX_PROBE_N_PKTS=1
510.049Uwpolling_NODE(2)::PKT_DROP_WRONG_DESTINATION
533.051Uwpolling_NODE(2)::PKT_DROP_WRONG_DESTINATION
580.001Uwpolling_NODE(2)::RECV_FROM_U_LAYERS_ID_7
580.056Uwpolling_NODE(2)::PKT_DROP_WRONG_DESTINATION
584.056Uwpolling_NODE(2)::POLLED
584.056Uwpolling_NODE(2)::TX_DATA_1_OF_1_PACKET_INDEX_6
591.057Uwpolling_NODE(2)::RX_TRIGGER
598.057Uwpolling_NODE(2)::TX_PROBE_N_PKTS=1
601.058Uwpolling_NODE(2)::PKT_DROP_WRONG_DESTINATION
641.062Uwpolling_NODE(2)::POLLED
641.062Uwpolling_NODE(2)::TX_DATA_1_OF_1_PACKET_INDEX_7
647.062Uwpolling_NODE(2)::RX_TRIGGER
653.063Uwpolling_NODE(2)::PKT_DROP_WRONG_DESTINATION
655.063Uwpolling_NODE(2)::PKT_DROP_WRONG_DESTINATION
660.001Uwpolling_NODE(2)::RECV_FROM_U_LAYERS_ID_8
680.065Uwpolling_NODE(2)::PKT_DROP_WRONG_DESTINATION
707.068Uwpolling_NODE(2)::PKT_DROP_WRONG_DESTINATION
711.069Uwpolling_NODE(2)::RX_TRIGGER
714.069Uwpolling_NODE(2)::TX_PROBE_N_PKTS=1
717.069Uwpolling_NODE(2)::PKT_DROP_WRONG_DESTINATION
721.07Uwpolling_NODE(2)::PKT_DROP_WRONG_DESTINATION
740.001Uwpolling_NODE(2)::RECV_FROM_U_LAYERS_ID_9
744.072Uwpolling_NODE(2)::PKT_DROP_WRONG_DESTINATION
748.072Uwpolling_NODE(2)::POLLED
748.072Uwpolling_NODE(2)::TX_DATA_1_OF_1_PACKET_INDEX_8
797.077Uwpolling_NODE(2)::PKT_DROP_WRONG_DESTINATION
801.078Uwpolling_NODE(2)::RX_TRIGGER
807.078Uwpolling_NODE(2)::TX_PROBE_N_PKTS=1
810.078Uwpolling_NODE(2)::PKT_DROP_WRONG_DESTINATION
812.079Uwpolling_NODE(2)::PKT_DROP_WRONG_DESTINATION
820.001Uwpolling_NODE(2)::RECV_FROM_U_LAYERS_ID_10
854.083Uwpolling_NODE(2)::PKT_DROP_WRONG_DESTINATION
858.083Uwpolling_NODE(2)::POLLED
858.083Uwpolling_NODE(2)::TX_DATA_1_OF_1_PACKET_INDEX_9
868.084Uwpolling_NODE(2)::PKT_DROP_WRONG_DESTINATION
872.084Uwpolling_NODE(2)::RX_TRIGGER
873.085Uwpolling_NODE(2)::TX_PROBE_N_PKTS=1
877.085Uwpolling_NODE(2)::PKT_DROP_WRONG_DESTINATION
881.086Uwpolling_NODE(2)::PKT_DROP_WRONG_DESTINATION
900.001Uwpolling_NODE(2)::RECV_FROM_U_LAYERS_ID_11
902.088Uwpolling_NODE(2)::POLLED
902.088Uwpolling_NODE(2)::TX_DATA_1_OF_1_PACKET_INDEX_10
912.089Uwpolling_NODE(2)::PKT_DROP_WRONG_DESTINATION
920.089Uwpolling_NODE(2)::PKT_DROP_WRONG_DESTINATION
923.09Uwpolling_NODE(2)::RX_TRIGGER
927.09Uwpolling_NODE(2)::TX_PROBE_N_PKTS=1
930.09Uwpolling_NODE(2)::PKT_DROP_WRONG_DESTINATION
932.091Uwpolling_NODE(2)::PKT_DROP_WRONG_DESTINATION
980.001Uwpolling_NODE(2)::RECV_FROM_U_LAYERS_ID_12
984.096Uwpolling_NODE(2)::POLLED
984.096Uwpolling_NODE(2)::TX_DATA_1_OF_1_PACKET_INDEX_11
997.097Uwpolling_NODE(2)::RX_TRIGGER
999.097Uwpolling_NODE(2)::TX_PROBE_N_PKTS=1
1006.1Uwpolling_NODE(2)::PKT_DROP_WRONG_DESTINATION
1027.1Uwpolling_NODE(2)::POLLED
1027.1Uwpolling_NODE(2)::TX_DATA_1_OF_1_PACKET_INDEX_12
1037.1Uwpolling_NODE(2)::PKT_DROP_WRONG_DESTINATION
1060Uwpolling_NODE(2)::RECV_FROM_U_LAYERS_ID_13
1100.11Uwpolling_NODE(2)::RX_TRIGGER
1105.11Uwpolling_NODE(2)::TX_PROBE_N_PKTS=1
1130.11Uwpolling_NODE(2)::POLLED
1130.11Uwpolling_NODE(2)::TX_DATA_1_OF_1_PACKET_INDEX_13
1137.11Uwpolling_NODE(2)::RX_TRIGGER
1140Uwpolling_NODE(2)::RECV_FROM_U_LAYERS_ID_14
1143.11Uwpolling_NODE(2)::PKT_DROP_WRONG_DESTINATION
1146.11Uwpolling_NODE(2)::PKT_DROP_WRONG_DESTINATION
1190.12Uwpolling_NODE(2)::PKT_DROP_WRONG_DESTINATION
1192.12Uwpolling_NODE(2)::PKT_DROP_WRONG_DESTINATION
1194.12Uwpolling_NODE(2)::PKT_DROP_WRONG_DESTINATION
1196.12Uwpolling_NODE(2)::PKT_DROP_WRONG_DESTINATION
1200.12Uwpolling_NODE(2)::RX_TRIGGER
1206.12Uwpolling_NODE(2)::TX_PROBE_N_PKTS=1
1220Uwpolling_NODE(2)::RECV_FROM_U_LAYERS_ID_15
1230.12Uwpolling_NODE(2)::POLLED
1230.12Uwpolling_NODE(2)::TX_DATA_1_OF_1_PACKET_INDEX_14
1237.12Uwpolling_NODE(2)::RX_TRIGGER
1244.12Uwpolling_NODE(2)::TX_PROBE_N_PKTS=1
1247.12Uwpolling_NODE(2)::PKT_DROP_WRONG_DESTINATION
1274.12Uwpolling_NODE(2)::POLLED
1274.12Uwpolling_NODE(2)::TX_DATA_1_OF_1_PACKET_INDEX_15
1281.13Uwpolling_NODE(2)::RX_TRIGGER
1285.13Uwpolling_NODE(2)::PKT_DROP_WRONG_DESTINATION
1300Uwpolling_NODE(2)::RECV_FROM_U_LAYERS_ID_16
1314.13Uwpolling_NODE(2)::PKT_DROP_WRONG_DESTINATION
1329.13Uwpolling_NODE(2)::PKT_DROP_WRONG_DESTINATION
1369.13Uwpolling_NODE(2)::RX_TRIGGER
1370.13Uwpolling_NODE(2)::TX_PROBE_N_PKTS=1
1374.13Uwpolling_NODE(2)::PKT_DROP_WRONG_DESTINATION
1380Uwpolling_NODE(2)::RECV_FROM_U_LAYERS_ID_17
1399.14Uwpolling_NODE(2)::POLLED
1399.14Uwpolling_NODE(2)::TX_DATA_1_OF_1_PACKET_INDEX_16
1426.14Uwpolling_NODE(2)::RX_TRIGGER
1429.14Uwpolling_NODE(2)::TX_PROBE_N_PKTS=1
1435.15Uwpolling_NODE(2)::PKT_DROP_WRONG_DESTINATION
1437.15Uwpolling_NODE(2)::PKT_DROP_WRONG_DESTINATION
1456.15Uwpolling_NODE(2)::POLLED
1456.15Uwpolling_NODE(2)::TX_DATA_1_OF_1_PACKET_INDEX_17
1460Uwpolling_NODE(2)::RECV_FROM_U_LAYERS_ID_18
1473.15Uwpolling_NODE(2)::PKT_DROP_WRONG_DESTINATION
1477.15Uwpolling_NODE(2)::RX_TRIGGER
1481.16Uwpolling_NODE(2)::PKT_DROP_WRONG_DESTINATION
1483.15Uwpolling_NODE(2)::TX_PROBE_N_PKTS=1
1517.16Uwpolling_NODE(2)::PKT_DROP_WRONG_DESTINATION
