50.0002Uwpolling_NODE(1)::RECV_FROM_U_LAYERS_ID_1
57.0055Uwpolling_NODE(1)::RX_TRIGGER
60.0055Uwpolling_NODE(1)::TX_PROBE_N_PKTS=1
80.0003Uwpolling_NODE(1)::RECV_FROM_U_LAYERS_ID_2
89.0086Uwpolling_NODE(1)::PKT_DROP_WRONG_DESTINATION
93.0089Uwpolling_NODE(1)::POLLED
93.0089Uwpolling_NODE(1)::TX_DATA_1_OF_1_PACKET_INDEX_1
107.01Uwpolling_NODE(1)::PKT_DROP_WRONG_DESTINATION
110Uwpolling_NODE(1)::RECV_FROM_U_LAYERS_ID_3
133.013Uwpolling_NODE(1)::PKT_DROP_WRONG_DESTINATION
140Uwpolling_NODE(1)::RECV_FROM_U_LAYERS_ID_4
154.014Uwpolling_NODE(1)::RX_TRIGGER
160.015Uwpolling_NODE(1)::TX_PROBE_N_PKTS=3
164.015Uwpolling_NODE(1)::PKT_DROP_WRONG_DESTINATION
170.001Uwpolling_NODE(1)::RECV_FROM_U_LAYERS_ID_5
200.001Uwpolling_NODE(1)::RECV_FROM_U_LAYERS_ID_6
227.021Uwpolling_NODE(1)::PKT_DROP_WRONG_DESTINATION
229.021Uwpolling_NODE(1)::PKT_DROP_WRONG_DESTINATION
230.001Uwpolling_NODE(1)::RECV_FROM_U_LAYERS_ID_7
233.021Uwpolling_NODE(1)::RX_TRIGGER
234.021Uwpolling_NODE(1)::TX_PROBE_N_PKTS=5
237.022Uwpolling_NODE(1)::PKT_DROP_WRONG_DESTINATION
260.001Uwpolling_NODE(1)::RECV_FROM_U_LAYERS_ID_8
277.026Uwpolling_NODE(1)::POLLED
277.026Uwpolling_NODE(1)::TX_DATA_1_OF_5_PACKET_INDEX_2
279.026Uwpolling_NODE(1)::TX_DATA_2_OF_5_PACKET_INDEX_3
281.026Uwpolling_NODE(1)::TX_DATA_3_OF_5_PACKET_INDEX_4
283.026Uwpolling_NODE(1)::TX_DATA_4_OF_5_PACKET_INDEX_5
285.026Uwpolling_NODE(1)::TX_DATA_5_OF_5_PACKET_INDEX_6
290.001Uwpolling_NODE(1)::RECV_FROM_U_LAYERS_ID_9
302.028Uwpolling_NODE(1)::PKT_DROP_WRONG_DESTINATION
320.001Uwpolling_NODE(1)::RECV_FROM_U_LAYERS_ID_10
325.03Uwpolling_NODE(1)::PKT_DROP_WRONG_DESTINATION
327.03Uwpolling_NODE(1)::PKT_DROP_WRONG_DESTINATION
333.031Uwpolling_NODE(1)::PKT_DROP_WRONG_DESTINATION
350.001Uwpolling_NODE(1)::RECV_FROM_U_LAYERS_ID_11
380.001Uwpolling_NODE(1)::RECV_FROM_U_LAYERS_ID_12
410.001Uwpolling_NODE(1)::RECV_FROM_U_LAYERS_ID_13
417.038Uwpolling_NODE(1)::RX_TRIGGER
421.038Uwpolling_NODE(1)::TX_PROBE_N_PKTS=5
426.039Uwpolling_NODE(1)::PKT_DROP_WRONG_DESTINATION
440.001Uwpolling_NODE(1)::RECV_FROM_U_LAYERS_ID_14
470.001Uwpolling_NODE(1)::RECV_FROM_U_LAYERS_ID_15
500.002Uwpolling_NODE(1)::RECV_FROM_U_LAYERS_ID_16
530.002Uwpolling_NODE(1)::RECV_FROM_U_LAYERS_ID_17
560.002Uwpolling_NODE(1)::RECV_FROM_U_LAYERS_ID_18
568.052Uwpolling_NODE(1)::PKT_DROP_WRONG_DESTINATION
570.052Uwpolling_NODE(1)::PKT_DROP_WRONG_DESTINATION
590.002Uwpolling_NODE(1)::RECV_FROM_U_LAYERS_ID_19
620.002Uwpolling_NODE(1)::RECV_FROM_U_LAYERS_ID_20
641.061Uwpolling_NODE(1)::RX_TRIGGER
642.061Uwpolling_NODE(1)::TX_PROBE_N_PKTS=5
650.002Uwpolling_NODE(1)::RECV_FROM_U_LAYERS_ID_21
680.002Uwpolling_NODE(1)::RECV_FROM_U_LAYERS_ID_22
685.065Uwpolling_NODE(1)::POLLED
685.065Uwpolling_NODE(1)::TX_DATA_1_OF_5_PACKET_INDEX_7
687.178Uwpolling_NODE(1)::TX_DATA_2_OF_5_PACKET_INDEX_8
689.178Uwpolling_NODE(1)::TX_DATA_3_OF_5_PACKET_INDEX_9
691.178Uwpolling_NODE(1)::TX_DATA_4_OF_5_PACKET_INDEX_10
693.179Uwpolling_NODE(1)::TX_DATA_5_OF_5_PACKET_INDEX_11
710.002Uwpolling_NODE(1)::RECV_FROM_U_LAYERS_ID_23
740.002Uwpolling_NODE(1)::RECV_FROM_U_LAYERS_ID_24
770.002Uwpolling_NODE(1)::RECV_FROM_U_LAYERS_ID_25
800.003Uwpolling_NODE(1)::RECV_FROM_U_LAYERS_ID_26
800.075Uwpolling_NODE(1)::RX_TRIGGER
802.075Uwpolling_NODE(1)::TX_PROBE_N_PKTS=5
830.003Uwpolling_NODE(1)::RECV_FROM_U_LAYERS_ID_27
860.003Uwpolling_NODE(1)::RECV_FROM_U_LAYERS_ID_28
890.003Uwpolling_NODE(1)::RECV_FROM_U_LAYERS_ID_29
920.003Uwpolling_NODE(1)::RECV_FROM_U_LAYERS_ID_30
950.003Uwpolling_NODE(1)::RECV_FROM_U_LAYERS_ID_31
980.003Uwpolling_NODE(1)::RECV_FROM_U_LAYERS_ID_32
1010Uwpolling_NODE(1)::RECV_FROM_U_LAYERS_ID_33
1030.09Uwpolling_NODE(1)::RX_TRIGGER
1037.09Uwpolling_NODE(1)::TX_PROBE_N_PKTS=5
1040Uwpolling_NODE(1)::RECV_FROM_U_LAYERS_ID_34
1070Uwpolling_NODE(1)::RECV_FROM_U_LAYERS_ID_35
1100Uwpolling_NODE(1)::RECV_FROM_U_LAYERS_ID_36
1130Uwpolling_NODE(1)::RECV_FROM_U_LAYERS_ID_37
1160Uwpolling_NODE(1)::RECV_FROM_U_LAYERS_ID_38
1160.11Uwpolling_NODE(1)::POLLED
1160.11Uwpolling_NODE(1)::TX_DATA_1_OF_5_PACKET_INDEX_12
1162.11Uwpolling_NODE(1)::TX_DATA_2_OF_5_PACKET_INDEX_13
1164.11Uwpolling_NODE(1)::TX_DATA_3_OF_5_PACKET_INDEX_14
1166.11Uwpolling_NODE(1)::TX_DATA_4_OF_5_PACKET_INDEX_15
1168.11Uwpolling_NODE(1)::TX_DATA_5_OF_5_PACKET_INDEX_16
1175.11Uwpolling_NODE(1)::RX_TRIGGER
1178.11Uwpolling_NODE(1)::TX_PROBE_N_PKTS=5
1190Uwpolling_NODE(1)::RECV_FROM_U_LAYERS_ID_39
1205.11Uwpolling_NODE(1)::POLLED
1205.11Uwpolling_NODE(1)::TX_DATA_1_OF_5_PACKET_INDEX_17
1207.15Uwpolling_NODE(1)::TX_DATA_2_OF_5_PACKET_INDEX_18
1209.15Uwpolling_NODE(1)::TX_DATA_3_OF_5_PACKET_INDEX_19
1211.15Uwpolling_NODE(1)::TX_DATA_4_OF_5_PACKET_INDEX_20
1213.15Uwpolling_NODE(1)::TX_DATA_5_OF_5_PACKET_INDEX_21
1220Uwpolling_NODE(1)::RECV_FROM_U_LAYERS_ID_40
1220.11Uwpolling_NODE(1)::RX_TRIGGER
1223.11Uwpolling_NODE(1)::TX_PROBE_N_PKTS=5
1250Uwpolling_NODE(1)::RECV_FROM_U_LAYERS_ID_41
1250.11Uwpolling_NODE(1)::POLLED
1250.11Uwpolling_NODE(1)::TX_DATA_1_OF_5_PACKET_INDEX_22
1252.11Uwpolling_NODE(1)::TX_DATA_2_OF_5_PACKET_INDEX_23
1254.11Uwpolling_NODE(1)::TX_DATA_3_OF_5_PACKET_INDEX_24
1256.11Uwpolling_NODE(1)::TX_DATA_4_OF_5_PACKET_INDEX_25
1258.11Uwpolling_NODE(1)::TX_DATA_5_OF_5_PACKET_INDEX_26
1280Uwpolling_NODE(1)::RECV_FROM_U_LAYERS_ID_42
1310Uwpolling_NODE(1)::RECV_FROM_U_LAYERS_ID_43
1340Uwpolling_NODE(1)::RECV_FROM_U_LAYERS_ID_44
1370Uwpolling_NODE(1)::RECV_FROM_U_LAYERS_ID_45
1395.13Uwpolling_NODE(1)::RX_TRIGGER
1400Uwpolling_NODE(1)::RECV_FROM_U_LAYERS_ID_46
1402.13Uwpolling_NODE(1)::TX_PROBE_N_PKTS=5
1425.13Uwpolling_NODE(1)::POLLED
1425.13Uwpolling_NODE(1)::TX_DATA_1_OF_5_PACKET_INDEX_27
1427.13Uwpolling_NODE(1)::TX_DATA_2_OF_5_PACKET_INDEX_28
1429.13Uwpolling_NODE(1)::TX_DATA_3_OF_5_PACKET_INDEX_29
1430Uwpolling_NODE(1)::RECV_FROM_U_LAYERS_ID_47
1431.13Uwpolling_NODE(1)::TX_DATA_4_OF_5_PACKET_INDEX_30
1433.13Uwpolling_NODE(1)::TX_DATA_5_OF_5_PACKET_INDEX_31
1455.13Uwpolling_NODE(1)::RX_TRIGGER
1460Uwpolling_NODE(1)::RECV_FROM_U_LAYERS_ID_48
1462.13Uwpolling_NODE(1)::TX_PROBE_N_PKTS=5
1485.13Uwpolling_NODE(1)::POLLED
1485.13Uwpolling_NODE(1)::TX_DATA_1_OF_5_PACKET_INDEX_32
1487.22Uwpolling_NODE(1)::TX_DATA_2_OF_5_PACKET_INDEX_33
1489.22Uwpolling_NODE(1)::TX_DATA_3_OF_5_PACKET_INDEX_34
1490Uwpolling_NODE(1)::RECV_FROM_U_LAYERS_ID_49
1491.22Uwpolling_NODE(1)::TX_DATA_4_OF_5_PACKET_INDEX_35
1493.22Uwpolling_NODE(1)::TX_DATA_5_OF_5_PACKET_INDEX_36
1500.14Uwpolling_NODE(1)::RX_TRIGGER
1507.14Uwpolling_NODE(1)::TX_PROBE_N_PKTS=5
