50.0002Uwpolling_NODE(2)::RECV_FROM_U_LAYERS_ID_1
54.0051Uwpolling_NODE(2)::RX_TRIGGER
57.0052Uwpolling_NODE(2)::TX_PROBE_N_PKTS=1
80.0003Uwpolling_NODE(2)::RECV_FROM_U_LAYERS_ID_2
93.0087Uwpolling_NODE(2)::PKT_DROP_WRONG_DESTINATION
97.0091Uwpolling_NODE(2)::RX_TRIGGER
104.009Uwpolling_NODE(2)::TX_PROBE_N_PKTS=2
110Uwpolling_NODE(2)::RECV_FROM_U_LAYERS_ID_3
140Uwpolling_NODE(2)::RECV_FROM_U_LAYERS_ID_4
143.013Uwpolling_NODE(2)::POLLED
143.013Uwpolling_NODE(2)::TX_DATA_1_OF_2_PACKET_INDEX_1
145.013Uwpolling_NODE(2)::TX_DATA_2_OF_2_PACKET_INDEX_2
151.014Uwpolling_NODE(2)::RX_TRIGGER
158.014Uwpolling_NODE(2)::TX_PROBE_N_PKTS=2
170.001Uwpolling_NODE(2)::RECV_FROM_U_LAYERS_ID_5
200.001Uwpolling_NODE(2)::RECV_FROM_U_LAYERS_ID_6
230.001Uwpolling_NODE(2)::RECV_FROM_U_LAYERS_ID_7
230.021Uwpolling_NODE(2)::RX_TRIGGER
231.021Uwpolling_NODE(2)::TX_PROBE_N_PKTS=5
260.001Uwpolling_NODE(2)::RECV_FROM_U_LAYERS_ID_8
260.024Uwpolling_NODE(2)::POLLED
260.024Uwpolling_NODE(2)::TX_DATA_1_OF_5_PACKET_INDEX_3
262.024Uwpolling_NODE(2)::TX_DATA_2_OF_5_PACKET_INDEX_4
264.025Uwpolling_NODE(2)::TX_DATA_3_OF_5_PACKET_INDEX_5
266.025Uwpolling_NODE(2)::TX_DATA_4_OF_5_PACKET_INDEX_6
268.025Uwpolling_NODE(2)::TX_DATA_5_OF_5_PACKET_INDEX_7
283.026Uwpolling_NODE(2)::PKT_DROP_WRONG_DESTINATION
290.001Uwpolling_NODE(2)::RECV_FROM_U_LAYERS_ID_9
320.001Uwpolling_NODE(2)::RECV_FROM_U_LAYERS_ID_10
337.032Uwpolling_NODE(2)::PKT_DROP_WRONG_DESTINATION
350.001Uwpolling_NODE(2)::RECV_FROM_U_LAYERS_ID_11
380.001Uwpolling_NODE(2)::RECV_FROM_U_LAYERS_ID_12
410.001Uwpolling_NODE(2)::RECV_FROM_U_LAYERS_ID_13
414.04Uwpolling_NODE(2)::RX_TRIGGER
415.04Uwpolling_NODE(2)::TX_PROBE_N_PKTS=5
440.001Uwpolling_NODE(2)::RECV_FROM_U_LAYERS_ID_14
444.043Uwpolling_NODE(2)::POLLED
444.043Uwpolling_NODE(2)::TX_DATA_1_OF_5_PACKET_INDEX_8
446.043Uwpolling_NODE(2)::TX_DATA_2_OF_5_PACKET_INDEX_9
448.043Uwpolling_NODE(2)::TX_DATA_3_OF_5_PACKET_INDEX_10
450.044Uwpolling_NODE(2)::TX_DATA_4_OF_5_PACKET_INDEX_11
452.044Uwpolling_NODE(2)::TX_DATA_5_OF_5_PACKET_INDEX_12
470.002Uwpolling_NODE(2)::RECV_FROM_U_LAYERS_ID_15
500.002Uwpolling_NODE(2)::RECV_FROM_U_LAYERS_ID_16
530.002Uwpolling_NODE(2)::RECV_FROM_U_LAYERS_ID_17
560.002Uwpolling_NODE(2)::RECV_FROM_U_LAYERS_ID_18
590.002Uwpolling_NODE(2)::RECV_FROM_U_LAYERS_ID_19
620.002Uwpolling_NODE(2)::RECV_FROM_U_LAYERS_ID_20
638.062Uwpolling_NODE(2)::RX_TRIGGER
639.063Uwpolling_NODE(2)::TX_PROBE_N_PKTS=5
648.064Uwpolling_NODE(2)::PKT_DROP_WRONG_DESTINATION
650.002Uwpolling_NODE(2)::RECV_FROM_U_LAYERS_ID_21
668.065Uwpolling_NODE(2)::POLLED
668.065Uwpolling_NODE(2)::TX_DATA_1_OF_5_PACKET_INDEX_13
670.066Uwpolling_NODE(2)::TX_DATA_2_OF_5_PACKET_INDEX_14
672.066Uwpolling_NODE(2)::TX_DATA_3_OF_5_PACKET_INDEX_15
674.066Uwpolling_NODE(2)::TX_DATA_4_OF_5_PACKET_INDEX_16
676.066Uwpolling_NODE(2)::TX_DATA_5_OF_5_PACKET_INDEX_17
680.002Uwpolling_NODE(2)::RECV_FROM_U_LAYERS_ID_22
710.002Uwpolling_NODE(2)::RECV_FROM_U_LAYERS_ID_23
740.002Uwpolling_NODE(2)::RECV_FROM_U_LAYERS_ID_24
770.003Uwpolling_NODE(2)::RECV_FROM_U_LAYERS_ID_25
800.003Uwpolling_NODE(2)::RECV_FROM_U_LAYERS_ID_26
830.003Uwpolling_NODE(2)::RECV_FROM_U_LAYERS_ID_27
860.003Uwpolling_NODE(2)::RECV_FROM_U_LAYERS_ID_28
890.003Uwpolling_NODE(2)::RECV_FROM_U_LAYERS_ID_29
920.003Uwpolling_NODE(2)::RECV_FROM_U_LAYERS_ID_30
950.003Uwpolling_NODE(2)::RECV_FROM_U_LAYERS_ID_31
980.003Uwpolling_NODE(2)::RECV_FROM_U_LAYERS_ID_32
1010Uwpolling_NODE(2)::RECV_FROM_U_LAYERS_ID_33
1040Uwpolling_NODE(2)::RECV_FROM_U_LAYERS_ID_34
1070Uwpolling_NODE(2)::RECV_FROM_U_LAYERS_ID_35
1100Uwpolling_NODE(2)::RECV_FROM_U_LAYERS_ID_36
1130Uwpolling_NODE(2)::RECV_FROM_U_LAYERS_ID_37
1160Uwpolling_NODE(2)::RECV_FROM_U_LAYERS_ID_38
1160.11Uwpolling_NODE(2)::PKT_DROP_WRONG_DESTINATION
1162.11Uwpolling_NODE(2)::PKT_DROP_WRONG_DESTINATION
1164.11Uwpolling_NODE(2)::PKT_DROP_WRONG_DESTINATION
1166.11Uwpolling_NODE(2)::PKT_DROP_WRONG_DESTINATION
1168.11Uwpolling_NODE(2)::PKT_DROP_WRONG_DESTINATION
1178.12Uwpolling_NODE(2)::PKT_DROP_WRONG_DESTINATION
1190Uwpolling_NODE(2)::RECV_FROM_U_LAYERS_ID_39
1205.12Uwpolling_NODE(2)::PKT_DROP_WRONG_DESTINATION
1207.12Uwpolling_NODE(2)::PKT_DROP_WRONG_DESTINATION
1209.12Uwpolling_NODE(2)::PKT_DROP_WRONG_DESTINATION
1211.12Uwpolling_NODE(2)::PKT_DROP_WRONG_DESTINATION
1213.12Uwpolling_NODE(2)::PKT_DROP_WRONG_DESTINATION
1220Uwpolling_NODE(2)::RECV_FROM_U_LAYERS_ID_40
1222.12Uwpolling_NODE(2)::PKT_DROP_WRONG_DESTINATION
1224.12Uwpolling_NODE(2)::PKT_DROP_WRONG_DESTINATION
1250Uwpolling_NODE(2)::RECV_FROM_U_LAYERS_ID_41
1250.12Uwpolling_NODE(2)::PKT_DROP_WRONG_DESTINATION
1252.12Uwpolling_NODE(2)::PKT_DROP_WRONG_DESTINATION
1254.12Uwpolling_NODE(2)::PKT_DROP_WRONG_DESTINATION
1256.12Uwpolling_NODE(2)::PKT_DROP_WRONG_DESTINATION
1258.12Uwpolling_NODE(2)::PKT_DROP_WRONG_DESTINATION
1280Uwpolling_NODE(2)::RECV_FROM_U_LAYERS_ID_42
1310Uwpolling_NODE(2)::RECV_FROM_U_LAYERS_ID_43
1340Uwpolling_NODE(2)::RECV_FROM_U_LAYERS_ID_44
1370Uwpolling_NODE(2)::RECV_FROM_U_LAYERS_ID_45
1398.14Uwpolling_NODE(2)::PKT_DROP_WRONG_DESTINATION
1400Uwpolling_NODE(2)::RECV_FROM_U_LAYERS_ID_46
1430Uwpolling_NODE(2)::RECV_FROM_U_LAYERS_ID_47
1460Uwpolling_NODE(2)::RECV_FROM_U_LAYERS_ID_48
1489.14Uwpolling_NODE(2)::PKT_DROP_WRONG_DESTINATION
1490Uwpolling_NODE(2)::RECV_FROM_U_LAYERS_ID_49
