40.0008Uwpolling_AUV(5)::TX_TRIGGER
47.0386Uwpolling_AUV(5)::RX_PROBE_FROM_NODE_3
49.0403Uwpolling_AUV(5)::RX_PROBE_FROM_NODE_1
70.0042Uwpolling_AUV(5)::TX_POLL_NODE_POLLED_3
74.061Uwpolling_AUV(5)::STATE_RX_DATA::RX_DATA_ID_1_FROM_NODE_3
76.0618Uwpolling_AUV(5)::TX_POLL_NODE_POLLED_1
81.0785Uwpolling_AUV(5)::STATE_RX_DATA::RX_DATA_ID_1_FROM_NODE_1
83.0793Uwpolling_AUV(5)::TX_TRIGGER
92.0878Uwpolling_AUV(5)::RX_PROBE_FROM_NODE_3
94.0895Uwpolling_AUV(5)::RX_PROBE_FROM_NODE_4
96.0912Uwpolling_AUV(5)::RX_PROBE_FROM_NODE_2
113.081Uwpolling_AUV(5)::TX_POLL_NODE_POLLED_3
118.109Uwpolling_AUV(5)::STATE_RX_DATA::RX_DATA_ID_2_FROM_NODE_3
120.11Uwpolling_AUV(5)::TX_POLL_NODE_POLLED_4
125.116Uwpolling_AUV(5)::STATE_RX_DATA::RX_DATA_ID_1_FROM_NODE_4
127.118Uwpolling_AUV(5)::STATE_RX_DATA::RX_DATA_ID_2_FROM_NODE_4
129.118Uwpolling_AUV(5)::TX_POLL_NODE_POLLED_2
133.134Uwpolling_AUV(5)::STATE_RX_DATA::RX_DATA_ID_1_FROM_NODE_2
135.135Uwpolling_AUV(5)::STATE_RX_DATA::RX_DATA_ID_2_FROM_NODE_2
137.136Uwpolling_AUV(5)::TX_TRIGGER
146.145Uwpolling_AUV(5)::RX_PROBE_FROM_NODE_4
149.148Uwpolling_AUV(5)::RX_PROBE_FROM_NODE_3
167.138Uwpolling_AUV(5)::TX_POLL_NODE_POLLED_4
172.167Uwpolling_AUV(5)::STATE_RX_DATA::RX_DATA_ID_3_FROM_NODE_4
207.14Uwpolling_AUV(5)::TX_POLL_NODE_POLLED_3
212.199Uwpolling_AUV(5)::STATE_RX_DATA::RX_DATA_ID_3_FROM_NODE_3
214.201Uwpolling_AUV(5)::STATE_RX_DATA::RX_DATA_ID_4_FROM_NODE_3
216.201Uwpolling_AUV(5)::TX_TRIGGER
221.211Uwpolling_AUV(5)::RX_PROBE_FROM_NODE_2
223.212Uwpolling_AUV(5)::RX_PROBE_FROM_NODE_1
246.204Uwpolling_AUV(5)::TX_POLL_NODE_POLLED_2
250.234Uwpolling_AUV(5)::STATE_RX_DATA::RX_DATA_ID_3_FROM_NODE_2
252.236Uwpolling_AUV(5)::STATE_RX_DATA::RX_DATA_ID_4_FROM_NODE_2
254.237Uwpolling_AUV(5)::STATE_RX_DATA::RX_DATA_ID_5_FROM_NODE_2
256.239Uwpolling_AUV(5)::STATE_RX_DATA::RX_DATA_ID_6_FROM_NODE_2
258.241Uwpolling_AUV(5)::STATE_RX_DATA::RX_DATA_ID_7_FROM_NODE_2
260.242Uwpolling_AUV(5)::TX_POLL_NODE_POLLED_1
265.258Uwpolling_AUV(5)::STATE_RX_DATA::RX_DATA_ID_2_FROM_NODE_1
267.259Uwpolling_AUV(5)::STATE_RX_DATA::RX_DATA_ID_3_FROM_NODE_1
269.261Uwpolling_AUV(5)::STATE_RX_DATA::RX_DATA_ID_4_FROM_NODE_1
271.263Uwpolling_AUV(5)::STATE_RX_DATA::RX_DATA_ID_5_FROM_NODE_1
273.265Uwpolling_AUV(5)::STATE_RX_DATA::RX_DATA_ID_6_FROM_NODE_1
275.265Uwpolling_AUV(5)::TX_TRIGGER
281.272Uwpolling_AUV(5)::RX_PROBE_FROM_NODE_4
287.277Uwpolling_AUV(5)::RX_PROBE_FROM_NODE_3
305.268Uwpolling_AUV(5)::TX_POLL_NODE_POLLED_3
310.295Uwpolling_AUV(5)::STATE_RX_DATA::RX_DATA_ID_5_FROM_NODE_3
312.297Uwpolling_AUV(5)::STATE_RX_DATA::RX_DATA_ID_6_FROM_NODE_3
314.298Uwpolling_AUV(5)::STATE_RX_DATA::RX_DATA_ID_7_FROM_NODE_3
316.3Uwpolling_AUV(5)::STATE_RX_DATA::RX_DATA_ID_8_FROM_NODE_3
318.302Uwpolling_AUV(5)::STATE_RX_DATA::RX_DATA_ID_9_FROM_NODE_3
320.303Uwpolling_AUV(5)::TX_POLL_NODE_POLLED_4
325.308Uwpolling_AUV(5)::STATE_RX_DATA::RX_DATA_ID_5_FROM_NODE_4
327.309Uwpolling_AUV(5)::STATE_RX_DATA::RX_DATA_ID_6_FROM_NODE_4
331.313Uwpolling_AUV(5)::STATE_RX_DATA::RX_DATA_ID_8_FROM_NODE_4
400.305Uwpolling_AUV(5)::TX_TRIGGER
405.374Uwpolling_AUV(5)::RX_PROBE_FROM_NODE_2
409.377Uwpolling_AUV(5)::RX_PROBE_FROM_NODE_1
411.379Uwpolling_AUV(5)::RX_PROBE_FROM_NODE_3
430.307Uwpolling_AUV(5)::TX_POLL_NODE_POLLED_2
434.398Uwpolling_AUV(5)::STATE_RX_DATA::RX_DATA_ID_8_FROM_NODE_2
436.4Uwpolling_AUV(5)::STATE_RX_DATA::RX_DATA_ID_9_FROM_NODE_2
438.402Uwpolling_AUV(5)::STATE_RX_DATA::RX_DATA_ID_10_FROM_NODE_2
440.403Uwpolling_AUV(5)::STATE_RX_DATA::RX_DATA_ID_11_FROM_NODE_2
442.405Uwpolling_AUV(5)::STATE_RX_DATA::RX_DATA_ID_12_FROM_NODE_2
444.406Uwpolling_AUV(5)::TX_POLL_NODE_POLLED_1
544.408Uwpolling_AUV(5)::TX_POLL_NODE_POLLED_3
549.5Uwpolling_AUV(5)::STATE_RX_DATA::RX_DATA_ID_10_FROM_NODE_3
553.504Uwpolling_AUV(5)::STATE_RX_DATA::RX_DATA_ID_12_FROM_NODE_3
555.505Uwpolling_AUV(5)::STATE_RX_DATA::RX_DATA_ID_13_FROM_NODE_3
624.411Uwpolling_AUV(5)::TX_TRIGGER
629.566Uwpolling_AUV(5)::RX_PROBE_FROM_NODE_2
631.568Uwpolling_AUV(5)::RX_PROBE_FROM_NODE_1
634.57Uwpolling_AUV(5)::RX_PROBE_FROM_NODE_3
654.413Uwpolling_AUV(5)::TX_POLL_NODE_POLLED_2
658.589Uwpolling_AUV(5)::STATE_RX_DATA::RX_DATA_ID_13_FROM_NODE_2
660.591Uwpolling_AUV(5)::STATE_RX_DATA::RX_DATA_ID_14_FROM_NODE_2
662.593Uwpolling_AUV(5)::STATE_RX_DATA::RX_DATA_ID_15_FROM_NODE_2
664.594Uwpolling_AUV(5)::STATE_RX_DATA::RX_DATA_ID_16_FROM_NODE_2
666.596Uwpolling_AUV(5)::STATE_RX_DATA::RX_DATA_ID_17_FROM_NODE_2
668.597Uwpolling_AUV(5)::TX_POLL_NODE_POLLED_1
673.613Uwpolling_AUV(5)::STATE_RX_DATA::RX_DATA_ID_7_FROM_NODE_1
675.615Uwpolling_AUV(5)::STATE_RX_DATA::RX_DATA_ID_8_FROM_NODE_1
677.617Uwpolling_AUV(5)::STATE_RX_DATA::RX_DATA_ID_9_FROM_NODE_1
679.618Uwpolling_AUV(5)::STATE_RX_DATA::RX_DATA_ID_10_FROM_NODE_1
681.62Uwpolling_AUV(5)::STATE_RX_DATA::RX_DATA_ID_11_FROM_NODE_1
683.621Uwpolling_AUV(5)::TX_POLL_NODE_POLLED_3
688.626Uwpolling_AUV(5)::STATE_RX_DATA::RX_DATA_ID_14_FROM_NODE_3
690.628Uwpolling_AUV(5)::STATE_RX_DATA::RX_DATA_ID_15_FROM_NODE_3
692.629Uwpolling_AUV(5)::STATE_RX_DATA::RX_DATA_ID_16_FROM_NODE_3
694.631Uwpolling_AUV(5)::STATE_RX_DATA::RX_DATA_ID_17_FROM_NODE_3
783.623Uwpolling_AUV(5)::TX_TRIGGER
790.711Uwpolling_AUV(5)::RX_PROBE_FROM_NODE_1
792.713Uwpolling_AUV(5)::RX_PROBE_FROM_NODE_4
813.625Uwpolling_AUV(5)::TX_POLL_NODE_POLLED_1
913.627Uwpolling_AUV(5)::TX_POLL_NODE_POLLED_4
1013.63Uwpolling_AUV(5)::TX_TRIGGER
1020.9Uwpolling_AUV(5)::RX_PROBE_FROM_NODE_4
1024.9Uwpolling_AUV(5)::RX_PROBE_FROM_NODE_1
1043.63Uwpolling_AUV(5)::TX_POLL_NODE_POLLED_4
1047.92Uwpolling_AUV(5)::STATE_RX_DATA::RX_DATA_ID_9_FROM_NODE_4
1049.92Uwpolling_AUV(5)::STATE_RX_DATA::RX_DATA_ID_10_FROM_NODE_4
1051.92Uwpolling_AUV(5)::STATE_RX_DATA::RX_DATA_ID_11_FROM_NODE_4
1055.93Uwpolling_AUV(5)::STATE_RX_DATA::RX_DATA_ID_13_FROM_NODE_4
1143.63Uwpolling_AUV(5)::TX_POLL_NODE_POLLED_1
1148Uwpolling_AUV(5)::STATE_RX_DATA::RX_DATA_ID_12_FROM_NODE_1
1150.01Uwpolling_AUV(5)::STATE_RX_DATA::RX_DATA_ID_13_FROM_NODE_1
1152.01Uwpolling_AUV(5)::STATE_RX_DATA::RX_DATA_ID_14_FROM_NODE_1
1154.01Uwpolling_AUV(5)::STATE_RX_DATA::RX_DATA_ID_15_FROM_NODE_1
1156.01Uwpolling_AUV(5)::STATE_RX_DATA::RX_DATA_ID_16_FROM_NODE_1
1158.01Uwpolling_AUV(5)::TX_TRIGGER
1166.02Uwpolling_AUV(5)::RX_PROBE_FROM_NODE_1
1188.01Uwpolling_AUV(5)::TX_POLL_NODE_POLLED_1
1193.04Uwpolling_AUV(5)::STATE_RX_DATA::RX_DATA_ID_17_FROM_NODE_1
1195.04Uwpolling_AUV(5)::STATE_RX_DATA::RX_DATA_ID_18_FROM_NODE_1
1197.05Uwpolling_AUV(5)::STATE_RX_DATA::RX_DATA_ID_19_FROM_NODE_1
1199.05Uwpolling_AUV(5)::STATE_RX_DATA::RX_DATA_ID_20_FROM_NODE_1
1201.05Uwpolling_AUV(5)::STATE_RX_DATA::RX_DATA_ID_21_FROM_NODE_1
1203.05Uwpolling_AUV(5)::TX_TRIGGER
1210.06Uwpolling_AUV(5)::RX_PROBE_FROM_NODE_4
1212.06Uwpolling_AUV(5)::RX_PROBE_FROM_NODE_1
1233.05Uwpolling_AUV(5)::TX_POLL_NODE_POLLED_1
1238.08Uwpolling_AUV(5)::STATE_RX_DATA::RX_DATA_ID_22_FROM_NODE_1
1240.08Uwpolling_AUV(5)::STATE_RX_DATA::RX_DATA_ID_23_FROM_NODE_1
1242.08Uwpolling_AUV(5)::STATE_RX_DATA::RX_DATA_ID_24_FROM_NODE_1
1244.08Uwpolling_AUV(5)::STATE_RX_DATA::RX_DATA_ID_25_FROM_NODE_1
1246.09Uwpolling_AUV(5)::STATE_RX_DATA::RX_DATA_ID_26_FROM_NODE_1
1248.09Uwpolling_AUV(5)::TX_POLL_NODE_POLLED_4
1348.09Uwpolling_AUV(5)::TX_TRIGGER
1378.09Uwpolling_AUV(5)::TX_TRIGGER
1386.21Uwpolling_AUV(5)::RX_PROBE_FROM_NODE_4
1390.21Uwpolling_AUV(5)::RX_PROBE_FROM_NODE_1
1408.09Uwpolling_AUV(5)::TX_POLL_NODE_POLLED_1
1413.23Uwpolling_AUV(5)::STATE_RX_DATA::RX_DATA_ID_27_FROM_NODE_1
1415.23Uwpolling_AUV(5)::STATE_RX_DATA::RX_DATA_ID_28_FROM_NODE_1
1417.23Uwpolling_AUV(5)::STATE_RX_DATA::RX_DATA_ID_29_FROM_NODE_1
1419.23Uwpolling_AUV(5)::STATE_RX_DATA::RX_DATA_ID_30_FROM_NODE_1
1421.24Uwpolling_AUV(5)::STATE_RX_DATA::RX_DATA_ID_31_FROM_NODE_1
1423.24Uwpolling_AUV(5)::TX_POLL_NODE_POLLED_4
1428.25Uwpolling_AUV(5)::STATE_RX_DATA::RX_DATA_ID_14_FROM_NODE_4
1430.26Uwpolling_AUV(5)::STATE_RX_DATA::RX_DATA_ID_15_FROM_NODE_4
1432.26Uwpolling_AUV(5)::STATE_RX_DATA::RX_DATA_ID_16_FROM_NODE_4
1434.26Uwpolling_AUV(5)::STATE_RX_DATA::RX_DATA_ID_17_FROM_NODE_4
1436.26Uwpolling_AUV(5)::STATE_RX_DATA::RX_DATA_ID_18_FROM_NODE_4
1438.26Uwpolling_AUV(5)::TX_TRIGGER
1450.28Uwpolling_AUV(5)::RX_PROBE_FROM_NODE_1
1468.26Uwpolling_AUV(5)::TX_POLL_NODE_POLLED_1
1473.3Uwpolling_AUV(5)::STATE_RX_DATA::RX_DATA_ID_32_FROM_NODE_1
1475.3Uwpolling_AUV(5)::STATE_RX_DATA::RX_DATA_ID_33_FROM_NODE_1
1477.31Uwpolling_AUV(5)::STATE_RX_DATA::RX_DATA_ID_34_FROM_NODE_1
1479.31Uwpolling_AUV(5)::STATE_RX_DATA::RX_DATA_ID_35_FROM_NODE_1
1481.31Uwpolling_AUV(5)::STATE_RX_DATA::RX_DATA_ID_36_FROM_NODE_1
1483.31Uwpolling_AUV(5)::TX_TRIGGER
1495.32Uwpolling_AUV(5)::RX_PROBE_FROM_NODE_1
1513.31Uwpolling_AUV(5)::TX_POLL_NODE_POLLED_1
