50.0002Uwpolling_NODE(3)::RECV_FROM_U_LAYERS_ID_1
51.0051Uwpolling_NODE(3)::RX_TRIGGER
54.0052Uwpolling_NODE(3)::TX_PROBE_N_PKTS=1
80.0003Uwpolling_NODE(3)::RECV_FROM_U_LAYERS_ID_2
81.0083Uwpolling_NODE(3)::POLLED
81.0083Uwpolling_NODE(3)::TX_DATA_1_OF_1_PACKET_INDEX_1
95.0098Uwpolling_NODE(3)::RX_TRIGGER
99.0099Uwpolling_NODE(3)::TX_PROBE_N_PKTS=1
110Uwpolling_NODE(3)::RECV_FROM_U_LAYERS_ID_3
125.013Uwpolling_NODE(3)::POLLED
125.013Uwpolling_NODE(3)::TX_DATA_1_OF_1_PACKET_INDEX_2
140Uwpolling_NODE(3)::RECV_FROM_U_LAYERS_ID_4
149.015Uwpolling_NODE(3)::RX_TRIGGER
156.016Uwpolling_NODE(3)::TX_PROBE_N_PKTS=2
159.016Uwpolling_NODE(3)::PKT_DROP_WRONG_DESTINATION
170.001Uwpolling_NODE(3)::RECV_FROM_U_LAYERS_ID_5
200.001Uwpolling_NODE(3)::RECV_FROM_U_LAYERS_ID_6
219.022Uwpolling_NODE(3)::POLLED
219.022Uwpolling_NODE(3)::TX_DATA_1_OF_2_PACKET_INDEX_3
221.022Uwpolling_NODE(3)::TX_DATA_2_OF_2_PACKET_INDEX_4
228.023Uwpolling_NODE(3)::RX_TRIGGER
229.023Uwpolling_NODE(3)::TX_PROBE_N_PKTS=2
230.001Uwpolling_NODE(3)::RECV_FROM_U_LAYERS_ID_7
260.001Uwpolling_NODE(3)::RECV_FROM_U_LAYERS_ID_8
274.027Uwpolling_NODE(3)::PKT_DROP_WRONG_DESTINATION
276.028Uwpolling_NODE(3)::PKT_DROP_WRONG_DESTINATION
278.028Uwpolling_NODE(3)::PKT_DROP_WRONG_DESTINATION
280.028Uwpolling_NODE(3)::PKT_DROP_WRONG_DESTINATION
282.028Uwpolling_NODE(3)::PKT_DROP_WRONG_DESTINATION
287.029Uwpolling_NODE(3)::RX_TRIGGER
290.001Uwpolling_NODE(3)::RECV_FROM_U_LAYERS_ID_9
294.029Uwpolling_NODE(3)::TX_PROBE_N_PKTS=5
317.031Uwpolling_NODE(3)::POLLED
317.031Uwpolling_NODE(3)::TX_DATA_1_OF_5_PACKET_INDEX_5
319.032Uwpolling_NODE(3)::TX_DATA_2_OF_5_PACKET_INDEX_6
320.001Uwpolling_NODE(3)::RECV_FROM_U_LAYERS_ID_10
321.032Uwpolling_NODE(3)::TX_DATA_3_OF_5_PACKET_INDEX_7
323.032Uwpolling_NODE(3)::TX_DATA_4_OF_5_PACKET_INDEX_8
325.032Uwpolling_NODE(3)::TX_DATA_5_OF_5_PACKET_INDEX_9
350.001Uwpolling_NODE(3)::RECV_FROM_U_LAYERS_ID_11
380.001Uwpolling_NODE(3)::RECV_FROM_U_LAYERS_ID_12
410.001Uwpolling_NODE(3)::RECV_FROM_U_LAYERS_ID_13
412.041Uwpolling_NODE(3)::RX_TRIGGER
418.041Uwpolling_NODE(3)::TX_PROBE_N_PKTS=4
440.001Uwpolling_NODE(3)::RECV_FROM_U_LAYERS_ID_14
470.001Uwpolling_NODE(3)::RECV_FROM_U_LAYERS_ID_15
500.002Uwpolling_NODE(3)::RECV_FROM_U_LAYERS_ID_16
530.002Uwpolling_NODE(3)::RECV_FROM_U_LAYERS_ID_17
556.054Uwpolling_NODE(3)::POLLED
556.054Uwpolling_NODE(3)::TX_DATA_1_OF_4_PACKET_INDEX_10
558.054Uwpolling_NODE(3)::TX_DATA_2_OF_4_PACKET_INDEX_11
560.002Uwpolling_NODE(3)::RECV_FROM_U_LAYERS_ID_18
560.054Uwpolling_NODE(3)::TX_DATA_3_OF_4_PACKET_INDEX_12
562.054Uwpolling_NODE(3)::TX_DATA_4_OF_4_PACKET_INDEX_13
590.002Uwpolling_NODE(3)::RECV_FROM_U_LAYERS_ID_19
620.002Uwpolling_NODE(3)::RECV_FROM_U_LAYERS_ID_20
636.061Uwpolling_NODE(3)::RX_TRIGGER
641.061Uwpolling_NODE(3)::TX_PROBE_N_PKTS=5
650.002Uwpolling_NODE(3)::RECV_FROM_U_LAYERS_ID_21
680.002Uwpolling_NODE(3)::RECV_FROM_U_LAYERS_ID_22
695.067Uwpolling_NODE(3)::POLLED
695.067Uwpolling_NODE(3)::TX_DATA_1_OF_5_PACKET_INDEX_14
697.067Uwpolling_NODE(3)::TX_DATA_2_OF_5_PACKET_INDEX_15
699.067Uwpolling_NODE(3)::TX_DATA_3_OF_5_PACKET_INDEX_16
701.067Uwpolling_NODE(3)::TX_DATA_4_OF_5_PACKET_INDEX_17
703.067Uwpolling_NODE(3)::TX_DATA_5_OF_5_PACKET_INDEX_18
710.002Uwpolling_NODE(3)::RECV_FROM_U_LAYERS_ID_23
740.002Uwpolling_NODE(3)::RECV_FROM_U_LAYERS_ID_24
770.002Uwpolling_NODE(3)::RECV_FROM_U_LAYERS_ID_25
800.003Uwpolling_NODE(3)::RECV_FROM_U_LAYERS_ID_26
830.003Uwpolling_NODE(3)::RECV_FROM_U_LAYERS_ID_27
860.003Uwpolling_NODE(3)::RECV_FROM_U_LAYERS_ID_28
890.003Uwpolling_NODE(3)::RECV_FROM_U_LAYERS_ID_29
920.003Uwpolling_NODE(3)::RECV_FROM_U_LAYERS_ID_30
950.003Uwpolling_NODE(3)::RECV_FROM_U_LAYERS_ID_31
980.003Uwpolling_NODE(3)::RECV_FROM_U_LAYERS_ID_32
1010Uwpolling_NODE(3)::RECV_FROM_U_LAYERS_ID_33
1040Uwpolling_NODE(3)::RECV_FROM_U_LAYERS_ID_34
1070Uwpolling_NODE(3)::RECV_FROM_U_LAYERS_ID_35
1100Uwpolling_NODE(3)::RECV_FROM_U_LAYERS_ID_36
1130Uwpolling_NODE(3)::RECV_FROM_U_LAYERS_ID_37
1160Uwpolling_NODE(3)::RECV_FROM_U_LAYERS_ID_38
1175.12Uwpolling_NODE(3)::PKT_DROP_WRONG_DESTINATION
1190Uwpolling_NODE(3)::RECV_FROM_U_LAYERS_ID_39
1208.12Uwpolling_NODE(3)::PKT_DROP_WRONG_DESTINATION
1219.12Uwpolling_NODE(3)::PKT_DROP_WRONG_DESTINATION
1220Uwpolling_NODE(3)::RECV_FROM_U_LAYERS_ID_40
1250Uwpolling_NODE(3)::RECV_FROM_U_LAYERS_ID_41
1280Uwpolling_NODE(3)::RECV_FROM_U_LAYERS_ID_42
1310Uwpolling_NODE(3)::RECV_FROM_U_LAYERS_ID_43
1340Uwpolling_NODE(3)::RECV_FROM_U_LAYERS_ID_44
1370Uwpolling_NODE(3)::RECV_FROM_U_LAYERS_ID_45
1400Uwpolling_NODE(3)::RECV_FROM_U_LAYERS_ID_46
1430Uwpolling_NODE(3)::RECV_FROM_U_LAYERS_ID_47
1460Uwpolling_NODE(3)::RECV_FROM_U_LAYERS_ID_48
1490Uwpolling_NODE(3)::RECV_FROM_U_LAYERS_ID_49
