50.0002Uwpolling_NODE(4)::RECV_FROM_U_LAYERS_ID_1
80.0003Uwpolling_NODE(4)::RECV_FROM_U_LAYERS_ID_2
92.0095Uwpolling_NODE(4)::RX_TRIGGER
97.0096Uwpolling_NODE(4)::TX_PROBE_N_PKTS=2
110Uwpolling_NODE(4)::RECV_FROM_U_LAYERS_ID_3
125.013Uwpolling_NODE(4)::PKT_DROP_WRONG_DESTINATION
129.014Uwpolling_NODE(4)::POLLED
129.014Uwpolling_NODE(4)::TX_DATA_1_OF_2_PACKET_INDEX_1
131.014Uwpolling_NODE(4)::TX_DATA_2_OF_2_PACKET_INDEX_2
140.001Uwpolling_NODE(4)::RECV_FROM_U_LAYERS_ID_4
146.015Uwpolling_NODE(4)::RX_TRIGGER
150.016Uwpolling_NODE(4)::TX_PROBE_N_PKTS=2
170.001Uwpolling_NODE(4)::RECV_FROM_U_LAYERS_ID_5
176.019Uwpolling_NODE(4)::POLLED
176.019Uwpolling_NODE(4)::TX_DATA_1_OF_2_PACKET_INDEX_3
178.019Uwpolling_NODE(4)::TX_DATA_2_OF_2_PACKET_INDEX_4
200.001Uwpolling_NODE(4)::RECV_FROM_U_LAYERS_ID_6
225.024Uwpolling_NODE(4)::RX_TRIGGER
229.024Uwpolling_NODE(4)::TX_PROBE_N_PKTS=2
230.001Uwpolling_NODE(4)::RECV_FROM_U_LAYERS_ID_7
260.001Uwpolling_NODE(4)::RECV_FROM_U_LAYERS_ID_8
284.029Uwpolling_NODE(4)::RX_TRIGGER
285.03Uwpolling_NODE(4)::TX_PROBE_N_PKTS=4
290.001Uwpolling_NODE(4)::RECV_FROM_U_LAYERS_ID_9
320.001Uwpolling_NODE(4)::RECV_FROM_U_LAYERS_ID_10
329.034Uwpolling_NODE(4)::POLLED
329.034Uwpolling_NODE(4)::TX_DATA_1_OF_4_PACKET_INDEX_5
331.034Uwpolling_NODE(4)::TX_DATA_2_OF_4_PACKET_INDEX_6
333.034Uwpolling_NODE(4)::TX_DATA_3_OF_4_PACKET_INDEX_7
335.035Uwpolling_NODE(4)::TX_DATA_4_OF_4_PACKET_INDEX_8
350.001Uwpolling_NODE(4)::RECV_FROM_U_LAYERS_ID_11
380.001Uwpolling_NODE(4)::RECV_FROM_U_LAYERS_ID_12
410.001Uwpolling_NODE(4)::RECV_FROM_U_LAYERS_ID_13
440.002Uwpolling_NODE(4)::RECV_FROM_U_LAYERS_ID_14
470.002Uwpolling_NODE(4)::RECV_FROM_U_LAYERS_ID_15
500.002Uwpolling_NODE(4)::RECV_FROM_U_LAYERS_ID_16
530.002Uwpolling_NODE(4)::RECV_FROM_U_LAYERS_ID_17
560.002Uwpolling_NODE(4)::RECV_FROM_U_LAYERS_ID_18
590.002Uwpolling_NODE(4)::RECV_FROM_U_LAYERS_ID_19
620.002Uwpolling_NODE(4)::RECV_FROM_U_LAYERS_ID_20
633.064Uwpolling_NODE(4)::RX_TRIGGER
640.064Uwpolling_NODE(4)::TX_PROBE_N_PKTS=5
650.002Uwpolling_NODE(4)::RECV_FROM_U_LAYERS_ID_21
680.002Uwpolling_NODE(4)::RECV_FROM_U_LAYERS_ID_22
710.002Uwpolling_NODE(4)::RECV_FROM_U_LAYERS_ID_23
740.003Uwpolling_NODE(4)::RECV_FROM_U_LAYERS_ID_24
770.003Uwpolling_NODE(4)::RECV_FROM_U_LAYERS_ID_25
793.081Uwpolling_NODE(4)::RX_TRIGGER
796.081Uwpolling_NODE(4)::TX_PROBE_N_PKTS=5
800.003Uwpolling_NODE(4)::RECV_FROM_U_LAYERS_ID_26
830.003Uwpolling_NODE(4)::RECV_FROM_U_LAYERS_ID_27
860.003Uwpolling_NODE(4)::RECV_FROM_U_LAYERS_ID_28
890.003Uwpolling_NODE(4)::RECV_FROM_U_LAYERS_ID_29
920.003Uwpolling_NODE(4)::RECV_FROM_U_LAYERS_ID_30
950.003Uwpolling_NODE(4)::RECV_FROM_U_LAYERS_ID_31
980.003Uwpolling_NODE(4)::RECV_FROM_U_LAYERS_ID_32
1010Uwpolling_NODE(4)::RECV_FROM_U_LAYERS_ID_33
1022.13Uwpolling_NODE(4)::RX_TRIGGER
1025.13Uwpolling_NODE(4)::TX_PROBE_N_PKTS=5
1040Uwpolling_NODE(4)::RECV_FROM_U_LAYERS_ID_34
1052.13Uwpolling_NODE(4)::POLLED
1052.13Uwpolling_NODE(4)::TX_DATA_1_OF_5_PACKET_INDEX_9
1054.13Uwpolling_NODE(4)::TX_DATA_2_OF_5_PACKET_INDEX_10
1056.13Uwpolling_NODE(4)::TX_DATA_3_OF_5_PACKET_INDEX_11
1058.14Uwpolling_NODE(4)::TX_DATA_4_OF_5_PACKET_INDEX_12
1060.14Uwpolling_NODE(4)::TX_DATA_5_OF_5_PACKET_INDEX_13
1070Uwpolling_NODE(4)::RECV_FROM_U_LAYERS_ID_35
1100Uwpolling_NODE(4)::RECV_FROM_U_LAYERS_ID_36
1130Uwpolling_NODE(4)::RECV_FROM_U_LAYERS_ID_37
1160Uwpolling_NODE(4)::RECV_FROM_U_LAYERS_ID_38
1167.15Uwpolling_NODE(4)::RX_TRIGGER
1171.15Uwpolling_NODE(4)::TX_PROBE_N_PKTS=5
1190Uwpolling_NODE(4)::RECV_FROM_U_LAYERS_ID_39
1212.15Uwpolling_NODE(4)::RX_TRIGGER
1214.15Uwpolling_NODE(4)::TX_PROBE_N_PKTS=5
1220Uwpolling_NODE(4)::RECV_FROM_U_LAYERS_ID_40
1250Uwpolling_NODE(4)::RECV_FROM_U_LAYERS_ID_41
1280Uwpolling_NODE(4)::RECV_FROM_U_LAYERS_ID_42
1310Uwpolling_NODE(4)::RECV_FROM_U_LAYERS_ID_43
1340Uwpolling_NODE(4)::RECV_FROM_U_LAYERS_ID_44
1370Uwpolling_NODE(4)::RECV_FROM_U_LAYERS_ID_45
1387.17Uwpolling_NODE(4)::RX_TRIGGER
1390.17Uwpolling_NODE(4)::TX_PROBE_N_PKTS=5
1400Uwpolling_NODE(4)::RECV_FROM_U_LAYERS_ID_46
1430Uwpolling_NODE(4)::RECV_FROM_U_LAYERS_ID_47
1432.17Uwpolling_NODE(4)::POLLED
1432.17Uwpolling_NODE(4)::TX_DATA_1_OF_5_PACKET_INDEX_14
1434.17Uwpolling_NODE(4)::TX_DATA_2_OF_5_PACKET_INDEX_15
1436.17Uwpolling_NODE(4)::TX_DATA_3_OF_5_PACKET_INDEX_16
1438.17Uwpolling_NODE(4)::TX_DATA_4_OF_5_PACKET_INDEX_17
1440.17Uwpolling_NODE(4)::TX_DATA_5_OF_5_PACKET_INDEX_18
1460Uwpolling_NODE(4)::RECV_FROM_U_LAYERS_ID_48
1490Uwpolling_NODE(4)::RECV_FROM_U_LAYERS_ID_49
1492.18Uwpolling_NODE(4)::RX_TRIGGER
1497.18Uwpolling_NODE(4)::TX_PROBE_N_PKTS=5
